<?xml version="1.0" encoding="UTF-8"?>
<testsuite name="com.joborchestration.orchestrator.OrchestratorApplicationTests" tests="1" skipped="0" failures="0" errors="0" timestamp="2026-05-10T17:13:13.834Z" hostname="ANDREW" time="6.343">
  <properties/>
  <testcase name="contextLoads()" classname="com.joborchestration.orchestrator.OrchestratorApplicationTests" time="0.291"/>
  <system-out><![CDATA[13:13:14.009 [Test worker] INFO org.springframework.test.context.support.AnnotationConfigContextLoaderUtils -- Could not detect default configuration classes for test class [com.joborchestration.orchestrator.OrchestratorApplicationTests]: OrchestratorApplicationTests does not declare any static, non-private, non-final, nested classes annotated with @Configuration.
13:13:14.114 [Test worker] INFO org.springframework.boot.test.context.SpringBootTestContextBootstrapper -- Found @SpringBootConfiguration com.joborchestration.orchestrator.OrchestratorApplication for test class com.joborchestration.orchestrator.OrchestratorApplicationTests
13:13:14.196 [Test worker] INFO org.springframework.test.context.support.AnnotationConfigContextLoaderUtils -- Could not detect default configuration classes for test class [com.joborchestration.orchestrator.OrchestratorApplicationTests]: OrchestratorApplicationTests does not declare any static, non-private, non-final, nested classes annotated with @Configuration.
13:13:14.197 [Test worker] INFO org.springframework.boot.test.context.SpringBootTestContextBootstrapper -- Found @SpringBootConfiguration com.joborchestration.orchestrator.OrchestratorApplication for test class com.joborchestration.orchestrator.OrchestratorApplicationTests

  .   ____          _            __ _ _
 /\\ / ___'_ __ _ _(_)_ __  __ _ \ \ \ \
( ( )\___ | '_ | '_| | '_ \/ _` | \ \ \ \
 \\/  ___)| |_)| | | | | || (_| |  ) ) ) )
  '  |____| .__|_| |_|_| |_\__, | / / / /
 =========|_|==============|___/=/_/_/_/

 :: Spring Boot ::                (v4.0.6)

2026-05-10T13:13:14.548-04:00  INFO 44408 --- [orchestrator-service] [    Test worker] c.j.o.OrchestratorApplicationTests       : Starting OrchestratorApplicationTests using Java 17.0.2 with PID 44408 (started by Andre in F:\OneDrive\Documents\Programming\Job-Orchestration\job-orchestration\orchestrator-service)
2026-05-10T13:13:14.550-04:00  INFO 44408 --- [orchestrator-service] [    Test worker] c.j.o.OrchestratorApplicationTests       : No active profile set, falling back to 1 default profile: "dev"
2026-05-10T13:13:15.301-04:00  INFO 44408 --- [orchestrator-service] [    Test worker] .s.d.r.c.RepositoryConfigurationDelegate : Bootstrapping Spring Data JPA repositories in DEFAULT mode.
2026-05-10T13:13:15.352-04:00  INFO 44408 --- [orchestrator-service] [    Test worker] .s.d.r.c.RepositoryConfigurationDelegate : Finished Spring Data repository scanning in 40 ms. Found 1 JPA repository interface.
2026-05-10T13:13:16.022-04:00  INFO 44408 --- [orchestrator-service] [    Test worker] org.hibernate.orm.jpa                    : HHH008540: Processing PersistenceUnitInfo [name: default]
2026-05-10T13:13:16.116-04:00  INFO 44408 --- [orchestrator-service] [    Test worker] org.hibernate.orm.core                   : HHH000001: Hibernate ORM core version 7.2.12.Final
2026-05-10T13:13:16.714-04:00  INFO 44408 --- [orchestrator-service] [    Test worker] o.s.o.j.p.SpringPersistenceUnitInfo      : No LoadTimeWeaver setup: ignoring JPA class transformer
2026-05-10T13:13:16.749-04:00  INFO 44408 --- [orchestrator-service] [    Test worker] com.zaxxer.hikari.HikariDataSource       : HikariPool-1 - Starting...
2026-05-10T13:13:16.901-04:00  INFO 44408 --- [orchestrator-service] [    Test worker] com.zaxxer.hikari.pool.HikariPool        : HikariPool-1 - Added connection conn0: url=jdbc:h2:mem:orchestrator user=SA
2026-05-10T13:13:16.904-04:00  INFO 44408 --- [orchestrator-service] [    Test worker] com.zaxxer.hikari.HikariDataSource       : HikariPool-1 - Start completed.
2026-05-10T13:13:16.962-04:00  INFO 44408 --- [orchestrator-service] [    Test worker] org.hibernate.orm.connections.pooling    : HHH10001005: Database info:
	Database JDBC URL [jdbc:h2:mem:orchestrator]
	Database driver: H2 JDBC Driver
	Database dialect: H2Dialect
	Database version: 2.4.240
	Default catalog/schema: ORCHESTRATOR/PUBLIC
	Autocommit mode: undefined/unknown
	Isolation level: READ_COMMITTED [default READ_COMMITTED]
	JDBC fetch size: 100
	Pool: DataSourceConnectionProvider
	Minimum pool size: undefined/unknown
	Maximum pool size: undefined/unknown
2026-05-10T13:13:17.919-04:00  INFO 44408 --- [orchestrator-service] [    Test worker] org.hibernate.orm.core                   : HHH000489: No JTA platform available (set 'hibernate.transaction.jta.platform' to enable JTA platform integration)
2026-05-10T13:13:17.972-04:00  INFO 44408 --- [orchestrator-service] [    Test worker] j.LocalContainerEntityManagerFactoryBean : Initialized JPA EntityManagerFactory for persistence unit 'default'
2026-05-10T13:13:18.075-04:00  INFO 44408 --- [orchestrator-service] [    Test worker] o.s.d.j.r.query.QueryEnhancerFactories   : Hibernate is in classpath; If applicable, HQL parser will be used.
2026-05-10T13:13:19.774-04:00  INFO 44408 --- [orchestrator-service] [    Test worker] o.s.b.a.e.web.EndpointLinksResolver      : Exposing 3 endpoints beneath base path '/actuator'
2026-05-10T13:13:19.836-04:00  INFO 44408 --- [orchestrator-service] [    Test worker] c.j.o.OrchestratorApplicationTests       : Started OrchestratorApplicationTests in 5.58 seconds (process running for 7.455)
]]></system-out>
  <system-err><![CDATA[]]></system-err>
</testsuite>
