<?xml version="1.0" encoding="UTF-8"?>
<testsuite name="com.joborchestration.orchestrator.service.JobServiceOwnershipIntegrationTest" tests="3" skipped="0" failures="0" errors="0" timestamp="2026-05-10T17:13:23.936Z" hostname="ANDREW" time="1.612">
  <properties/>
  <testcase name="deleteJobRejectsJobsOwnedByAnotherSubject()" classname="com.joborchestration.orchestrator.service.JobServiceOwnershipIntegrationTest" time="1.488"/>
  <testcase name="listJobsOnlyReturnsJobsForMatchingSubject()" classname="com.joborchestration.orchestrator.service.JobServiceOwnershipIntegrationTest" time="0.084"/>
  <testcase name="getJobRejectsJobsOwnedByAnotherSubject()" classname="com.joborchestration.orchestrator.service.JobServiceOwnershipIntegrationTest" time="0.014"/>
  <system-out><![CDATA[2026-05-10T13:13:23.938-04:00  INFO 44408 --- [orchestrator-service] [    Test worker] t.c.s.AnnotationConfigContextLoaderUtils : Could not detect default configuration classes for test class [com.joborchestration.orchestrator.service.JobServiceOwnershipIntegrationTest]: JobServiceOwnershipIntegrationTest does not declare any static, non-private, non-final, nested classes annotated with @Configuration.
2026-05-10T13:13:23.952-04:00  INFO 44408 --- [orchestrator-service] [    Test worker] .b.t.c.SpringBootTestContextBootstrapper : Found @SpringBootConfiguration com.joborchestration.orchestrator.OrchestratorApplication for test class com.joborchestration.orchestrator.service.JobServiceOwnershipIntegrationTest
2026-05-10T13:13:23.953-04:00  INFO 44408 --- [orchestrator-service] [    Test worker] t.c.s.AnnotationConfigContextLoaderUtils : Could not detect default configuration classes for test class [com.joborchestration.orchestrator.service.JobServiceOwnershipIntegrationTest]: JobServiceOwnershipIntegrationTest does not declare any static, non-private, non-final, nested classes annotated with @Configuration.
2026-05-10T13:13:23.955-04:00  INFO 44408 --- [orchestrator-service] [    Test worker] .b.t.c.SpringBootTestContextBootstrapper : Found @SpringBootConfiguration com.joborchestration.orchestrator.OrchestratorApplication for test class com.joborchestration.orchestrator.service.JobServiceOwnershipIntegrationTest
]]></system-out>
  <system-err><![CDATA[]]></system-err>
</testsuite>
