<?xml version="1.0" encoding="UTF-8"?>
<testsuite name="com.joborchestration.orchestrator.config.SecurityConfigIntegrationTest" tests="3" skipped="0" failures="0" errors="0" timestamp="2026-05-10T17:13:21.825Z" hostname="ANDREW" time="2.108">
  <properties/>
  <testcase name="healthEndpointRemainsPublic()" classname="com.joborchestration.orchestrator.config.SecurityConfigIntegrationTest" time="0.121"/>
  <testcase name="apiRequestsRequireBearerToken()" classname="com.joborchestration.orchestrator.config.SecurityConfigIntegrationTest" time="0.018"/>
  <testcase name="bearerTokenAllowsAccess()" classname="com.joborchestration.orchestrator.config.SecurityConfigIntegrationTest" time="0.036"/>
  <system-out><![CDATA[2026-05-10T13:13:21.827-04:00  INFO 44408 --- [orchestrator-service] [    Test worker] t.c.s.AnnotationConfigContextLoaderUtils : Could not detect default configuration classes for test class [com.joborchestration.orchestrator.config.SecurityConfigIntegrationTest]: SecurityConfigIntegrationTest does not declare any static, non-private, non-final, nested classes annotated with @Configuration.
2026-05-10T13:13:21.843-04:00  INFO 44408 --- [orchestrator-service] [    Test worker] .b.t.c.SpringBootTestContextBootstrapper : Found @SpringBootConfiguration com.joborchestration.orchestrator.OrchestratorApplication for test class com.joborchestration.orchestrator.config.SecurityConfigIntegrationTest
2026-05-10T13:13:21.845-04:00  INFO 44408 --- [orchestrator-service] [    Test worker] t.c.s.AnnotationConfigContextLoaderUtils : Could not detect default configuration classes for test class [com.joborchestration.orchestrator.config.SecurityConfigIntegrationTest]: SecurityConfigIntegrationTest does not declare any static, non-private, non-final, nested classes annotated with @Configuration.
2026-05-10T13:13:21.847-04:00  INFO 44408 --- [orchestrator-service] [    Test worker] .b.t.c.SpringBootTestContextBootstrapper : Found @SpringBootConfiguration com.joborchestration.orchestrator.OrchestratorApplication for test class com.joborchestration.orchestrator.config.SecurityConfigIntegrationTest

  .   ____          _            __ _ _
 /\\ / ___'_ __ _ _(_)_ __  __ _ \ \ \ \
( ( )\___ | '_ | '_| | '_ \/ _` | \ \ \ \
 \\/  ___)| |_)| | | | | || (_| |  ) ) ) )
  '  |____| .__|_| |_|_| |_\__, | / / / /
 =========|_|==============|___/=/_/_/_/

 :: Spring Boot ::                (v4.0.6)

2026-05-10T13:13:21.885-04:00  INFO 44408 --- [orchestrator-service] [    Test worker] c.j.o.c.SecurityConfigIntegrationTest    : Starting SecurityConfigIntegrationTest using Java 17.0.2 with PID 44408 (started by Andre in F:\OneDrive\Documents\Programming\Job-Orchestration\job-orchestration\orchestrator-service)
2026-05-10T13:13:21.886-04:00  INFO 44408 --- [orchestrator-service] [    Test worker] c.j.o.c.SecurityConfigIntegrationTest    : No active profile set, falling back to 1 default profile: "dev"
2026-05-10T13:13:22.133-04:00  INFO 44408 --- [orchestrator-service] [    Test worker] .s.d.r.c.RepositoryConfigurationDelegate : Bootstrapping Spring Data JPA repositories in DEFAULT mode.
2026-05-10T13:13:22.147-04:00  INFO 44408 --- [orchestrator-service] [    Test worker] .s.d.r.c.RepositoryConfigurationDelegate : Finished Spring Data repository scanning in 10 ms. Found 1 JPA repository interface.
2026-05-10T13:13:22.711-04:00  INFO 44408 --- [orchestrator-service] [    Test worker] org.hibernate.orm.jpa                    : HHH008540: Processing PersistenceUnitInfo [name: default]
2026-05-10T13:13:22.814-04:00  INFO 44408 --- [orchestrator-service] [    Test worker] o.s.o.j.p.SpringPersistenceUnitInfo      : No LoadTimeWeaver setup: ignoring JPA class transformer
2026-05-10T13:13:22.818-04:00  INFO 44408 --- [orchestrator-service] [    Test worker] com.zaxxer.hikari.HikariDataSource       : HikariPool-3 - Starting...
2026-05-10T13:13:22.821-04:00  INFO 44408 --- [orchestrator-service] [    Test worker] com.zaxxer.hikari.pool.HikariPool        : HikariPool-3 - Added connection conn20: url=jdbc:h2:mem:orchestrator user=SA
2026-05-10T13:13:22.822-04:00  INFO 44408 --- [orchestrator-service] [    Test worker] com.zaxxer.hikari.HikariDataSource       : HikariPool-3 - Start completed.
2026-05-10T13:13:22.824-04:00  INFO 44408 --- [orchestrator-service] [    Test worker] org.hibernate.orm.connections.pooling    : HHH10001005: Database info:
	Database JDBC URL [jdbc:h2:mem:orchestrator]
	Database driver: H2 JDBC Driver
	Database dialect: H2Dialect
	Database version: 2.4.240
	Default catalog/schema: ORCHESTRATOR/PUBLIC
	Autocommit mode: undefined/unknown
	Isolation level: READ_COMMITTED [default READ_COMMITTED]
	JDBC fetch size: 100
	Pool: DataSourceConnectionProvider
	Minimum pool size: undefined/unknown
	Maximum pool size: undefined/unknown
2026-05-10T13:13:22.921-04:00  INFO 44408 --- [orchestrator-service] [    Test worker] org.hibernate.orm.core                   : HHH000489: No JTA platform available (set 'hibernate.transaction.jta.platform' to enable JTA platform integration)
2026-05-10T13:13:22.925-04:00  INFO 44408 --- [orchestrator-service] [    Test worker] j.LocalContainerEntityManagerFactoryBean : Initialized JPA EntityManagerFactory for persistence unit 'default'
2026-05-10T13:13:23.661-04:00  INFO 44408 --- [orchestrator-service] [    Test worker] o.s.b.t.m.w.SpringBootMockServletContext : Initializing Spring TestDispatcherServlet ''
2026-05-10T13:13:23.661-04:00  INFO 44408 --- [orchestrator-service] [    Test worker] o.s.t.web.servlet.TestDispatcherServlet  : Initializing Servlet ''
2026-05-10T13:13:23.672-04:00  INFO 44408 --- [orchestrator-service] [    Test worker] o.s.b.a.e.web.EndpointLinksResolver      : Exposing 3 endpoints beneath base path '/actuator'
2026-05-10T13:13:23.683-04:00  INFO 44408 --- [orchestrator-service] [    Test worker] o.s.t.web.servlet.TestDispatcherServlet  : Completed initialization in 22 ms
2026-05-10T13:13:23.745-04:00  INFO 44408 --- [orchestrator-service] [    Test worker] c.j.o.c.SecurityConfigIntegrationTest    : Started SecurityConfigIntegrationTest in 1.894 seconds (process running for 11.366)
]]></system-out>
  <system-err><![CDATA[]]></system-err>
</testsuite>
