<?xml version="1.0" encoding="UTF-8"?>
<testsuite name="com.joborchestration.orchestrator.service.JobServiceOwnershipIntegrationTest" tests="3" skipped="0" failures="0" errors="0" timestamp="2026-05-10T16:42:35.395Z" hostname="ANDREW" time="1.211">
  <properties/>
  <testcase name="deleteJobRejectsJobsOwnedByAnotherSubject()" classname="com.joborchestration.orchestrator.service.JobServiceOwnershipIntegrationTest" time="1.103"/>
  <testcase name="listJobsOnlyReturnsJobsForMatchingSubject()" classname="com.joborchestration.orchestrator.service.JobServiceOwnershipIntegrationTest" time="0.07"/>
  <testcase name="getJobRejectsJobsOwnedByAnotherSubject()" classname="com.joborchestration.orchestrator.service.JobServiceOwnershipIntegrationTest" time="0.017"/>
  <system-out><![CDATA[2026-05-10T12:42:35.397-04:00  INFO 58108 --- [orchestrator-service] [    Test worker] t.c.s.AnnotationConfigContextLoaderUtils : Could not detect default configuration classes for test class [com.joborchestration.orchestrator.service.JobServiceOwnershipIntegrationTest]: JobServiceOwnershipIntegrationTest does not declare any static, non-private, non-final, nested classes annotated with @Configuration.
2026-05-10T12:42:35.397-04:00 DEBUG 58108 --- [orchestrator-service] [    Test worker] .b.t.c.SpringBootTestContextBootstrapper : Using ContextCustomizerFactory implementations for test class [JobServiceOwnershipIntegrationTest]: [WebDriverContextCustomizerFactory, OnFailureConditionReportContextCustomizerFactory, OverrideAutoConfigurationContextCustomizerFactory, ImportsContextCustomizerFactory, PropertyMappingContextCustomizerFactory, ExcludeFilterContextCustomizerFactory, TypeExcludeFiltersContextCustomizerFactory, DisableReactorResourceFactoryGlobalResourcesContextCustomizerFactory, DuplicateJsonObjectContextCustomizerFactory, SpringBootTestRandomPortContextCustomizerFactory, BeanOverrideContextCustomizerFactory, MockServerContainerContextCustomizerFactory, DynamicPropertiesContextCustomizerFactory]
2026-05-10T12:42:35.398-04:00 DEBUG 58108 --- [orchestrator-service] [    Test worker] .b.t.c.SpringBootTestContextBootstrapper : Using ContextCustomizers for test class [JobServiceOwnershipIntegrationTest]: [WebDriverContextCustomizer, OnFailureConditionReportContextCustomizer, PropertyMappingContextCustomizer, ExcludeFilterContextCustomizer, DuplicateJsonObjectContextCustomizer, SpringBootTestRandomPortContextCustomizer, DynamicPropertiesContextCustomizer]
2026-05-10T12:42:35.406-04:00  INFO 58108 --- [orchestrator-service] [    Test worker] .b.t.c.SpringBootTestContextBootstrapper : Found @SpringBootConfiguration com.joborchestration.orchestrator.OrchestratorApplication for test class com.joborchestration.orchestrator.service.JobServiceOwnershipIntegrationTest
2026-05-10T12:42:35.407-04:00  INFO 58108 --- [orchestrator-service] [    Test worker] t.c.s.AnnotationConfigContextLoaderUtils : Could not detect default configuration classes for test class [com.joborchestration.orchestrator.service.JobServiceOwnershipIntegrationTest]: JobServiceOwnershipIntegrationTest does not declare any static, non-private, non-final, nested classes annotated with @Configuration.
2026-05-10T12:42:35.408-04:00 DEBUG 58108 --- [orchestrator-service] [    Test worker] .b.t.c.SpringBootTestContextBootstrapper : Using ContextCustomizerFactory implementations for test class [JobServiceOwnershipIntegrationTest]: [WebDriverContextCustomizerFactory, OnFailureConditionReportContextCustomizerFactory, OverrideAutoConfigurationContextCustomizerFactory, ImportsContextCustomizerFactory, PropertyMappingContextCustomizerFactory, ExcludeFilterContextCustomizerFactory, TypeExcludeFiltersContextCustomizerFactory, DisableReactorResourceFactoryGlobalResourcesContextCustomizerFactory, DuplicateJsonObjectContextCustomizerFactory, SpringBootTestRandomPortContextCustomizerFactory, BeanOverrideContextCustomizerFactory, MockServerContainerContextCustomizerFactory, DynamicPropertiesContextCustomizerFactory]
2026-05-10T12:42:35.409-04:00 DEBUG 58108 --- [orchestrator-service] [    Test worker] .b.t.c.SpringBootTestContextBootstrapper : Using ContextCustomizers for test class [JobServiceOwnershipIntegrationTest]: [WebDriverContextCustomizer, OnFailureConditionReportContextCustomizer, PropertyMappingContextCustomizer, ExcludeFilterContextCustomizer, DuplicateJsonObjectContextCustomizer, SpringBootTestRandomPortContextCustomizer, DynamicPropertiesContextCustomizer]
2026-05-10T12:42:35.409-04:00  INFO 58108 --- [orchestrator-service] [    Test worker] .b.t.c.SpringBootTestContextBootstrapper : Found @SpringBootConfiguration com.joborchestration.orchestrator.OrchestratorApplication for test class com.joborchestration.orchestrator.service.JobServiceOwnershipIntegrationTest
2026-05-10T12:42:35.410-04:00 DEBUG 58108 --- [orchestrator-service] [    Test worker] .b.t.c.SpringBootTestContextBootstrapper : Neither @ContextConfiguration nor @ContextHierarchy found for test class [JobServiceOwnershipIntegrationTest]: using SpringBootContextLoader
2026-05-10T12:42:35.411-04:00 DEBUG 58108 --- [orchestrator-service] [    Test worker] .b.t.c.SpringBootTestContextBootstrapper : Using TestExecutionListeners for test class [JobServiceOwnershipIntegrationTest]: [ServletTestExecutionListener, DirtiesContextBeforeModesTestExecutionListener, ApplicationEventsTestExecutionListener, BeanOverrideTestExecutionListener, DependencyInjectionTestExecutionListener, DirtiesContextTestExecutionListener, CommonCachesTestExecutionListener, TransactionalTestExecutionListener, SqlScriptsTestExecutionListener, WithSecurityContextTestExecutionListener, EventPublishingTestExecutionListener, ReactorContextTestExecutionListener, MockMvcPrintOnlyOnFailureTestExecutionListener, WebDriverTestExecutionListener, MockitoResetTestExecutionListener]
2026-05-10T12:42:35.891-04:00 DEBUG 58108 --- [orchestrator-service] [    Test worker] org.hibernate.SQL                        : 
    select
        jse1_0.id,
        jse1_0.created_at,
        jse1_0.job_type,
        jse1_0.last_state_change_at,
        jse1_0.output_params_json,
        jse1_0.params_json,
        jse1_0.requested_by,
        jse1_0.retries,
        jse1_0.state,
        jse1_0.updated_at 
    from
        job_state jse1_0
2026-05-10T12:42:35.942-04:00 DEBUG 58108 --- [orchestrator-service] [    Test worker] org.hibernate.SQL                        : 
    insert 
    into
        job_state
        (created_at, job_type, last_state_change_at, output_params_json, params_json, requested_by, retries, state, updated_at, id) 
    values
        (?, ?, ?, ?, ?, ?, ?, ?, ?, default)
2026-05-10T12:42:36.463-04:00 DEBUG 58108 --- [orchestrator-service] [    Test worker] org.hibernate.SQL                        : 
    select
        jse1_0.id 
    from
        job_state jse1_0 
    where
        jse1_0.id=? 
        and jse1_0.requested_by=? 
    fetch
        first ? rows only
2026-05-10T12:42:36.504-04:00 DEBUG 58108 --- [orchestrator-service] [    Test worker] org.hibernate.SQL                        : 
    select
        count(*) 
    from
        job_state jse1_0 
    where
        jse1_0.id=?
2026-05-10T12:42:36.522-04:00 DEBUG 58108 --- [orchestrator-service] [    Test worker] org.hibernate.SQL                        : 
    select
        jse1_0.id,
        jse1_0.created_at,
        jse1_0.job_type,
        jse1_0.last_state_change_at,
        jse1_0.output_params_json,
        jse1_0.params_json,
        jse1_0.requested_by,
        jse1_0.retries,
        jse1_0.state,
        jse1_0.updated_at 
    from
        job_state jse1_0
2026-05-10T12:42:36.524-04:00 DEBUG 58108 --- [orchestrator-service] [    Test worker] org.hibernate.SQL                        : 
    insert 
    into
        job_state
        (created_at, job_type, last_state_change_at, output_params_json, params_json, requested_by, retries, state, updated_at, id) 
    values
        (?, ?, ?, ?, ?, ?, ?, ?, ?, default)
2026-05-10T12:42:36.526-04:00 DEBUG 58108 --- [orchestrator-service] [    Test worker] org.hibernate.SQL                        : 
    insert 
    into
        job_state
        (created_at, job_type, last_state_change_at, output_params_json, params_json, requested_by, retries, state, updated_at, id) 
    values
        (?, ?, ?, ?, ?, ?, ?, ?, ?, default)
2026-05-10T12:42:36.528-04:00 DEBUG 58108 --- [orchestrator-service] [    Test worker] org.hibernate.SQL                        : 
    insert 
    into
        job_state
        (created_at, job_type, last_state_change_at, output_params_json, params_json, requested_by, retries, state, updated_at, id) 
    values
        (?, ?, ?, ?, ?, ?, ?, ?, ?, default)
2026-05-10T12:42:36.563-04:00 DEBUG 58108 --- [orchestrator-service] [    Test worker] org.hibernate.SQL                        : 
    select
        jse1_0.id,
        jse1_0.created_at,
        jse1_0.job_type,
        jse1_0.last_state_change_at,
        jse1_0.output_params_json,
        jse1_0.params_json,
        jse1_0.requested_by,
        jse1_0.retries,
        jse1_0.state,
        jse1_0.updated_at 
    from
        job_state jse1_0 
    where
        jse1_0.requested_by=? 
    order by
        jse1_0.created_at desc,
        jse1_0.created_at desc 
    fetch
        first ? rows only
2026-05-10T12:42:36.580-04:00 DEBUG 58108 --- [orchestrator-service] [    Test worker] org.hibernate.SQL                        : 
    select
        jse1_0.id,
        jse1_0.created_at,
        jse1_0.job_type,
        jse1_0.last_state_change_at,
        jse1_0.output_params_json,
        jse1_0.params_json,
        jse1_0.requested_by,
        jse1_0.retries,
        jse1_0.state,
        jse1_0.updated_at 
    from
        job_state jse1_0 
    where
        jse1_0.requested_by=? 
    order by
        jse1_0.created_at desc,
        jse1_0.created_at desc 
    fetch
        first ? rows only
2026-05-10T12:42:36.593-04:00 DEBUG 58108 --- [orchestrator-service] [    Test worker] org.hibernate.SQL                        : 
    select
        jse1_0.id,
        jse1_0.created_at,
        jse1_0.job_type,
        jse1_0.last_state_change_at,
        jse1_0.output_params_json,
        jse1_0.params_json,
        jse1_0.requested_by,
        jse1_0.retries,
        jse1_0.state,
        jse1_0.updated_at 
    from
        job_state jse1_0
2026-05-10T12:42:36.595-04:00 DEBUG 58108 --- [orchestrator-service] [    Test worker] org.hibernate.SQL                        : 
    insert 
    into
        job_state
        (created_at, job_type, last_state_change_at, output_params_json, params_json, requested_by, retries, state, updated_at, id) 
    values
        (?, ?, ?, ?, ?, ?, ?, ?, ?, default)
2026-05-10T12:42:36.601-04:00 DEBUG 58108 --- [orchestrator-service] [    Test worker] org.hibernate.SQL                        : 
    select
        jse1_0.id,
        jse1_0.created_at,
        jse1_0.job_type,
        jse1_0.last_state_change_at,
        jse1_0.output_params_json,
        jse1_0.params_json,
        jse1_0.requested_by,
        jse1_0.retries,
        jse1_0.state,
        jse1_0.updated_at 
    from
        job_state jse1_0 
    where
        jse1_0.id=? 
        and jse1_0.requested_by=?
]]></system-out>
  <system-err><![CDATA[]]></system-err>
</testsuite>
