<?xml version="1.0" encoding="UTF-8"?>
<testsuite name="com.joborchestration.orchestrator.api.ImageCompressionControllerIntegrationTest" tests="2" skipped="0" failures="0" errors="0" timestamp="2026-05-10T17:13:20.181Z" hostname="ANDREW" time="1.638">
  <properties/>
  <testcase name="uploadImageCompressionCreatesJobWithUri()" classname="com.joborchestration.orchestrator.api.ImageCompressionControllerIntegrationTest" time="0.397"/>
  <testcase name="createImageCompressionGrantReturnsGrant()" classname="com.joborchestration.orchestrator.api.ImageCompressionControllerIntegrationTest" time="0.127"/>
  <system-out><![CDATA[2026-05-10T13:13:20.182-04:00  INFO 44408 --- [orchestrator-service] [    Test worker] t.c.s.AnnotationConfigContextLoaderUtils : Could not detect default configuration classes for test class [com.joborchestration.orchestrator.api.ImageCompressionControllerIntegrationTest]: ImageCompressionControllerIntegrationTest does not declare any static, non-private, non-final, nested classes annotated with @Configuration.
2026-05-10T13:13:20.199-04:00  INFO 44408 --- [orchestrator-service] [    Test worker] .b.t.c.SpringBootTestContextBootstrapper : Found @SpringBootConfiguration com.joborchestration.orchestrator.OrchestratorApplication for test class com.joborchestration.orchestrator.api.ImageCompressionControllerIntegrationTest
2026-05-10T13:13:20.200-04:00  INFO 44408 --- [orchestrator-service] [    Test worker] t.c.s.AnnotationConfigContextLoaderUtils : Could not detect default configuration classes for test class [com.joborchestration.orchestrator.api.ImageCompressionControllerIntegrationTest]: ImageCompressionControllerIntegrationTest does not declare any static, non-private, non-final, nested classes annotated with @Configuration.
2026-05-10T13:13:20.203-04:00  INFO 44408 --- [orchestrator-service] [    Test worker] .b.t.c.SpringBootTestContextBootstrapper : Found @SpringBootConfiguration com.joborchestration.orchestrator.OrchestratorApplication for test class com.joborchestration.orchestrator.api.ImageCompressionControllerIntegrationTest

  .   ____          _            __ _ _
 /\\ / ___'_ __ _ _(_)_ __  __ _ \ \ \ \
( ( )\___ | '_ | '_| | '_ \/ _` | \ \ \ \
 \\/  ___)| |_)| | | | | || (_| |  ) ) ) )
  '  |____| .__|_| |_|_| |_\__, | / / / /
 =========|_|==============|___/=/_/_/_/

 :: Spring Boot ::                (v4.0.6)

2026-05-10T13:13:20.231-04:00  INFO 44408 --- [orchestrator-service] [    Test worker] mageCompressionControllerIntegrationTest : Starting ImageCompressionControllerIntegrationTest using Java 17.0.2 with PID 44408 (started by Andre in F:\OneDrive\Documents\Programming\Job-Orchestration\job-orchestration\orchestrator-service)
2026-05-10T13:13:20.231-04:00  INFO 44408 --- [orchestrator-service] [    Test worker] mageCompressionControllerIntegrationTest : No active profile set, falling back to 1 default profile: "dev"
2026-05-10T13:13:20.463-04:00  INFO 44408 --- [orchestrator-service] [    Test worker] .s.d.r.c.RepositoryConfigurationDelegate : Bootstrapping Spring Data JPA repositories in DEFAULT mode.
2026-05-10T13:13:20.476-04:00  INFO 44408 --- [orchestrator-service] [    Test worker] .s.d.r.c.RepositoryConfigurationDelegate : Finished Spring Data repository scanning in 11 ms. Found 1 JPA repository interface.
2026-05-10T13:13:20.630-04:00  INFO 44408 --- [orchestrator-service] [    Test worker] org.hibernate.orm.jpa                    : HHH008540: Processing PersistenceUnitInfo [name: default]
2026-05-10T13:13:20.675-04:00  INFO 44408 --- [orchestrator-service] [    Test worker] o.s.o.j.p.SpringPersistenceUnitInfo      : No LoadTimeWeaver setup: ignoring JPA class transformer
2026-05-10T13:13:20.676-04:00  INFO 44408 --- [orchestrator-service] [    Test worker] com.zaxxer.hikari.HikariDataSource       : HikariPool-2 - Starting...
2026-05-10T13:13:20.678-04:00  INFO 44408 --- [orchestrator-service] [    Test worker] com.zaxxer.hikari.pool.HikariPool        : HikariPool-2 - Added connection conn10: url=jdbc:h2:mem:orchestrator user=SA
2026-05-10T13:13:20.678-04:00  INFO 44408 --- [orchestrator-service] [    Test worker] com.zaxxer.hikari.HikariDataSource       : HikariPool-2 - Start completed.
2026-05-10T13:13:20.679-04:00  INFO 44408 --- [orchestrator-service] [    Test worker] org.hibernate.orm.connections.pooling    : HHH10001005: Database info:
	Database JDBC URL [jdbc:h2:mem:orchestrator]
	Database driver: H2 JDBC Driver
	Database dialect: H2Dialect
	Database version: 2.4.240
	Default catalog/schema: ORCHESTRATOR/PUBLIC
	Autocommit mode: undefined/unknown
	Isolation level: READ_COMMITTED [default READ_COMMITTED]
	JDBC fetch size: 100
	Pool: DataSourceConnectionProvider
	Minimum pool size: undefined/unknown
	Maximum pool size: undefined/unknown
2026-05-10T13:13:20.730-04:00  INFO 44408 --- [orchestrator-service] [    Test worker] org.hibernate.orm.core                   : HHH000489: No JTA platform available (set 'hibernate.transaction.jta.platform' to enable JTA platform integration)
2026-05-10T13:13:20.739-04:00  INFO 44408 --- [orchestrator-service] [    Test worker] j.LocalContainerEntityManagerFactoryBean : Initialized JPA EntityManagerFactory for persistence unit 'default'
2026-05-10T13:13:21.231-04:00  INFO 44408 --- [orchestrator-service] [    Test worker] o.s.b.t.m.w.SpringBootMockServletContext : Initializing Spring TestDispatcherServlet ''
2026-05-10T13:13:21.232-04:00  INFO 44408 --- [orchestrator-service] [    Test worker] o.s.t.web.servlet.TestDispatcherServlet  : Initializing Servlet ''
2026-05-10T13:13:21.239-04:00  INFO 44408 --- [orchestrator-service] [    Test worker] o.s.b.a.e.web.EndpointLinksResolver      : Exposing 3 endpoints beneath base path '/actuator'
2026-05-10T13:13:21.248-04:00  INFO 44408 --- [orchestrator-service] [    Test worker] o.s.t.web.servlet.TestDispatcherServlet  : Completed initialization in 15 ms
2026-05-10T13:13:21.290-04:00  INFO 44408 --- [orchestrator-service] [    Test worker] mageCompressionControllerIntegrationTest : Started ImageCompressionControllerIntegrationTest in 1.083 seconds (process running for 8.91)
]]></system-out>
  <system-err><![CDATA[]]></system-err>
</testsuite>
